\BOOKMARK [0][-]{section*.1}{Agradecimientos}{}% 1
\BOOKMARK [0][-]{section*.3}{Abstract}{}% 2
\BOOKMARK [0][-]{section*.5}{Resumen}{}% 3
\BOOKMARK [0][-]{chapter.1}{Introducci\363n}{}% 4
\BOOKMARK [0][-]{chapter.2}{Estado del Arte}{}% 5
\BOOKMARK [0][-]{chapter.3}{Marco Te\363rico}{}% 6
\BOOKMARK [1][-]{section.3.1}{Fatiga}{chapter.3}% 7
\BOOKMARK [2][-]{subsection.3.1.1}{Definiciones}{section.3.1}% 8
\BOOKMARK [2][-]{subsection.3.1.2}{Curva S-N o de W\366hler}{section.3.1}% 9
\BOOKMARK [2][-]{subsection.3.1.3}{Esfuerzo medio, Sm}{section.3.1}% 10
\BOOKMARK [2][-]{subsection.3.1.4}{Medici\363n de la fatiga}{section.3.1}% 11
\BOOKMARK [2][-]{subsection.3.1.5}{Correlaci\363n entre distintos m\351todos de medici\363n de la fatiga}{section.3.1}% 12
\BOOKMARK [1][-]{section.3.2}{Vibraciones}{chapter.3}% 13
\BOOKMARK [2][-]{subsection.3.2.1}{Modelo Matem\341tico}{section.3.2}% 14
\BOOKMARK [2][-]{subsection.3.2.2}{Rigidez}{section.3.2}% 15
\BOOKMARK [2][-]{subsection.3.2.3}{M\351todo de energ\355a}{section.3.2}% 16
\BOOKMARK [2][-]{subsection.3.2.4}{Damping}{section.3.2}% 17
\BOOKMARK [2][-]{subsection.3.2.5}{Vibraciones forzadas}{section.3.2}% 18
\BOOKMARK [2][-]{subsection.3.2.6}{Sistema de dos grados de libertad}{section.3.2}% 19
\BOOKMARK [2][-]{subsection.3.2.7}{Ecuaciones de energ\355a para un sistema con amortiguamiento y forzado}{section.3.2}% 20
\BOOKMARK [0][-]{appendix.Alph1}{Norma de c\341lculo en madera - NCh1198}{}% 21
\BOOKMARK [1][-]{section.Alph1.1}{Propiedades de la madera y factores de modificaci\363n}{appendix.Alph1}% 22
\BOOKMARK [2][-]{subsection.Alph1.1.1}{Contenido de humedad}{section.Alph1.1}% 23
\BOOKMARK [2][-]{subsection.Alph1.1.2}{Densidad}{section.Alph1.1}% 24
\BOOKMARK [2][-]{subsection.Alph1.1.3}{Tensiones admisibles y m\363dulo de elasticidad}{section.Alph1.1}% 25
\BOOKMARK [2][-]{subsection.Alph1.1.4}{Factores de modificaci\363n}{section.Alph1.1}% 26
\BOOKMARK [1][-]{section.Alph1.2}{Dise\361o de piezas}{appendix.Alph1}% 27
\BOOKMARK [2][-]{subsection.Alph1.2.1}{Flexi\363n}{section.Alph1.2}% 28
\BOOKMARK [2][-]{subsection.Alph1.2.2}{Cizalle}{section.Alph1.2}% 29
\BOOKMARK [2][-]{subsection.Alph1.2.3}{Compresi\363n paralela a la fibra}{section.Alph1.2}% 30
\BOOKMARK [2][-]{subsection.Alph1.2.4}{Compresi\363n normal a la fibra}{section.Alph1.2}% 31
\BOOKMARK [2][-]{subsection.Alph1.2.5}{Tracci\363n paralela}{section.Alph1.2}% 32
\BOOKMARK [2][-]{subsection.Alph1.2.6}{Nomenclatura y tipos de madera}{section.Alph1.2}% 33
\BOOKMARK [1][-]{section.Alph1.3}{Uniones en la madera estrutural}{appendix.Alph1}% 34
\BOOKMARK [2][-]{subsection.Alph1.3.1}{Generalidades}{section.Alph1.3}% 35
\BOOKMARK [2][-]{subsection.Alph1.3.2}{Verificaciones tensionales}{section.Alph1.3}% 36
\BOOKMARK [2][-]{subsection.Alph1.3.3}{N\372mero de elementos de uni\363n}{section.Alph1.3}% 37
\BOOKMARK [2][-]{subsection.Alph1.3.4}{Uniones con perno}{section.Alph1.3}% 38
\BOOKMARK [2][-]{subsection.Alph1.3.5}{Uniones con tirafondos}{section.Alph1.3}% 39
\BOOKMARK [0][-]{appendix.Alph2}{Cotizaciones}{}% 40
